[debug] [2021-06-25T11:20:40.621Z] ----------------------------------------------------------------------
[debug] [2021-06-25T11:20:40.625Z] Command:       C:\Program Files\nodejs\node.exe C:\Users\user\AppData\Roaming\npm\node_modules\firebase-tools\lib\bin\firebase.js init
[debug] [2021-06-25T11:20:40.626Z] CLI Version:   9.14.0
[debug] [2021-06-25T11:20:40.626Z] Platform:      win32
[debug] [2021-06-25T11:20:40.626Z] Node Version:  v12.18.3
[debug] [2021-06-25T11:20:40.628Z] Time:          Fri Jun 25 2021 16:50:40 GMT+0530 (India Standard Time)
[debug] [2021-06-25T11:20:40.628Z] ----------------------------------------------------------------------
[debug] 
[debug] [2021-06-25T11:20:40.633Z] >>> [apiv2][query] GET https://firebase-public.firebaseio.com/cli.json [none]
[debug] [2021-06-25T11:20:40.673Z] > command requires scopes: ["email","openid","https://www.googleapis.com/auth/cloudplatformprojects.readonly","https://www.googleapis.com/auth/firebase","https://www.googleapis.com/auth/cloud-platform"]
[debug] [2021-06-25T11:20:40.674Z] > authorizing via signed-in user (nazznb6@gmail.com)
[info] 
     ######## #### ########  ######## ########     ###     ######  ########
     ##        ##  ##     ## ##       ##     ##  ##   ##  ##       ##
     ######    ##  ########  ######   ########  #########  ######  ######
     ##        ##  ##    ##  ##       ##     ## ##     ##       ## ##
     ##       #### ##     ## ######## ########  ##     ##  ######  ########

You're about to initialize a Firebase project in this directory:

  D:\Reactjs\tesla-clone

[debug] [2021-06-25T11:20:41.776Z] <<< [apiv2][status] GET https://firebase-public.firebaseio.com/cli.json 200
[debug] [2021-06-25T11:20:41.777Z] <<< [apiv2][body] GET https://firebase-public.firebaseio.com/cli.json {"cloudBuildErrorAfter":1594252800000,"cloudBuildWarnAfter":1590019200000,"defaultNode10After":1594252800000,"minVersion":"3.0.5","node8DeploysDisabledAfter":1613390400000,"node8RuntimeDisabledAfter":1615809600000,"node8WarnAfter":1600128000000}
[info] 
=== Project Setup
[info] 
[info] First, let's associate this project directory with a Firebase project.
[info] You can create multiple project aliases by running firebase use --add, 
[info] but for now we'll just set up a default project.
[info] 
[debug] [2021-06-25T11:20:50.821Z] > refreshing access token with scopes: []
[debug] [2021-06-25T11:20:50.822Z] >>> HTTP REQUEST POST https://www.googleapis.com/oauth2/v3/token  
 <request body omitted>
[debug] [2021-06-25T11:20:51.174Z] <<< HTTP RESPONSE 200 {"cache-control":"no-cache, no-store, max-age=0, must-revalidate","pragma":"no-cache","date":"Fri, 25 Jun 2021 11:21:42 GMT","expires":"Mon, 01 Jan 1990 00:00:00 GMT","content-type":"application/json; charset=utf-8","vary":"X-Origin, Referer, Origin,Accept-Encoding","server":"scaffolding on HTTPServer2","x-xss-protection":"0","x-frame-options":"SAMEORIGIN","x-content-type-options":"nosniff","alt-svc":"h3=\":443\"; ma=2592000,h3-29=\":443\"; ma=2592000,h3-T051=\":443\"; ma=2592000,h3-Q050=\":443\"; ma=2592000,h3-Q046=\":443\"; ma=2592000,h3-Q043=\":443\"; ma=2592000,quic=\":443\"; ma=2592000; v=\"46,43\"","accept-ranges":"none","transfer-encoding":"chunked"}
[debug] [2021-06-25T11:20:51.287Z] >>> [apiv2][query] GET https://firebase.googleapis.com/v1beta1/projects pageSize=100
[debug] [2021-06-25T11:20:52.030Z] <<< [apiv2][status] GET https://firebase.googleapis.com/v1beta1/projects 200
[debug] [2021-06-25T11:20:52.031Z] <<< [apiv2][body] GET https://firebase.googleapis.com/v1beta1/projects [omitted]
[info] i  Using project tesla-clone-7da17 (Tesla Clone) 
[info] 
=== Hosting:github Setup
[info] 
[info] i  Detected a .git folder at D:\Reactjs 
[info] i  Authorizing with GitHub to upload your service account to a GitHub repository's secrets store. 
[info] 
[info] Visit this URL on this device to log in:
[info] https://github.com/login/oauth/authorize?client_id=89cf50f02ac6aaed3484&state=346502731&redirect_uri=http%3A%2F%2Flocalhost%3A9005&scope=read%3Auser%20repo%20public_repo
[info] 
[info] Waiting for authentication...
[debug] [2021-06-25T11:21:00.093Z] >>> HTTP REQUEST POST https://github.com/login/oauth/access_token  
 {"client_id":"89cf50f02ac6aaed3484","client_secret":"3330d14abc895d9a74d5f17cd7a00711fa2c5bf0","code":"e8818bedef962210567d","redirect_uri":"http://localhost:9005","state":"346502731"}
[debug] [2021-06-25T11:21:00.659Z] <<< HTTP RESPONSE 200 {"server":"GitHub.com","date":"Fri, 25 Jun 2021 11:21:52 GMT","content-type":"application/json; charset=utf-8","transfer-encoding":"chunked","vary":"X-PJAX, Accept-Encoding, Accept, X-Requested-With","permissions-policy":"interest-cohort=()","etag":"W/\"e2df0a39832b1bd783ba97a31e7bf5b6\"","cache-control":"max-age=0, private, must-revalidate","strict-transport-security":"max-age=31536000; includeSubdomains; preload","x-frame-options":"deny","x-content-type-options":"nosniff","x-xss-protection":"0","referrer-policy":"origin-when-cross-origin, strict-origin-when-cross-origin","expect-ct":"max-age=2592000, report-uri=\"https://api.github.com/_private/browser/errors\"","content-security-policy":"default-src 'none'; base-uri 'self'; block-all-mixed-content; connect-src 'self' uploads.github.com www.githubstatus.com collector.githubapp.com api.github.com github-cloud.s3.amazonaws.com github-production-repository-file-5c1aeb.s3.amazonaws.com github-production-upload-manifest-file-7fdce7.s3.amazonaws.com github-production-user-asset-6210df.s3.amazonaws.com cdn.optimizely.com logx.optimizely.com/v1/events translator.github.com wss://alive.github.com; font-src github.githubassets.com; form-action 'self' github.com gist.github.com; frame-ancestors 'none'; frame-src render.githubusercontent.com render-temp.githubusercontent.com viewscreen.githubusercontent.com; img-src 'self' data: github.githubassets.com identicons.github.com collector.githubapp.com github-cloud.s3.amazonaws.com secured-user-images.githubusercontent.com/ *.githubusercontent.com; manifest-src 'self'; media-src 'none'; script-src github.githubassets.com; style-src 'unsafe-inline' github.githubassets.com; worker-src github.com/socket-worker-3f088aa2.js gist.github.com/socket-worker-3f088aa2.js","x-github-request-id":"D1E9:3C9F:14D4A0:15F3F5:60D5BC50"}
[debug] [2021-06-25T11:21:00.674Z] >>> [apiv2][query] GET https://api.github.com/user [none]
[debug] [2021-06-25T11:21:01.307Z] <<< [apiv2][status] GET https://api.github.com/user 200
[debug] [2021-06-25T11:21:01.308Z] <<< [apiv2][body] GET https://api.github.com/user {"login":"NasimBilal","id":71866414,"node_id":"MDQ6VXNlcjcxODY2NDE0","avatar_url":"https://avatars.githubusercontent.com/u/71866414?v=4","gravatar_id":"","url":"https://api.github.com/users/NasimBilal","html_url":"https://github.com/NasimBilal","followers_url":"https://api.github.com/users/NasimBilal/followers","following_url":"https://api.github.com/users/NasimBilal/following{/other_user}","gists_url":"https://api.github.com/users/NasimBilal/gists{/gist_id}","starred_url":"https://api.github.com/users/NasimBilal/starred{/owner}{/repo}","subscriptions_url":"https://api.github.com/users/NasimBilal/subscriptions","organizations_url":"https://api.github.com/users/NasimBilal/orgs","repos_url":"https://api.github.com/users/NasimBilal/repos","events_url":"https://api.github.com/users/NasimBilal/events{/privacy}","received_events_url":"https://api.github.com/users/NasimBilal/received_events","type":"User","site_admin":false,"name":"Nasim Bilal","company":null,"blog":"","location":null,"email":null,"hireable":null,"bio":"ReactJs Developer","twitter_username":null,"public_repos":7,"public_gists":0,"followers":0,"following":0,"created_at":"2020-09-25T05:28:15Z","updated_at":"2021-06-25T05:06:39Z","private_gists":0,"total_private_repos":0,"owned_private_repos":0,"disk_usage":1389,"collaborators":0,"two_factor_authentication":false,"plan":{"name":"free","space":976562499,"collaborators":0,"private_repos":10000}}
[info] 
[info] +  Success! Logged into GitHub as NasimBilal 
[info] 
